<?xml version="1.0" encoding="UTF-8"?>
<!-- Generated by org.testng.reporters.JUnitReportReporter -->
<testsuite skipped="0" hostname="LAPTOP-16FT4HA3" name="com.demoblaze.tests.HomeTest" tests="1" failures="0" timestamp="2025-04-05T09:28:30 IST" time="3.931" errors="0">
  <testcase name="selectProduct" time="3.931" classname="com.demoblaze.tests.HomeTest"/>
  <system-out/>
</testsuite> <!-- com.demoblaze.tests.HomeTest -->
