<?xml version="1.0" encoding="UTF-8"?>
<!-- Generated by org.testng.reporters.JUnitReportReporter -->
<testsuite hostname="LAPTOP-16FT4HA3" failures="0" tests="1" name="com.demoblaze.tests.CheckoutTest" time="37.633" errors="0" timestamp="2025-04-04T17:05:32 IST" skipped="0">
  <testcase classname="com.demoblaze.tests.CheckoutTest" name="completePayment" time="37.633"/>
  <system-out/>
</testsuite> <!-- com.demoblaze.tests.CheckoutTest -->
