<?xml version="1.0" encoding="UTF-8"?>
<!-- Generated by org.testng.reporters.JUnitReportReporter -->
<testsuite hostname="LAPTOP-16FT4HA3" failures="0" tests="1" name="com.demoblaze.tests.CartTest" time="13.013" errors="0" timestamp="2025-04-04T16:45:35 IST" skipped="0">
  <testcase classname="com.demoblaze.tests.CartTest" name="proceedToCheckout" time="13.013"/>
  <system-out/>
</testsuite> <!-- com.demoblaze.tests.CartTest -->
