<?xml version="1.0" encoding="UTF-8"?>
<!-- Generated by org.testng.reporters.JUnitReportReporter -->
<testsuite hostname="LAPTOP-16FT4HA3" failures="0" tests="1" name="com.demoblaze.tests.LoginTest" time="75.229" errors="0" timestamp="2025-04-04T22:43:01 IST" skipped="0">
  <testcase classname="com.demoblaze.tests.LoginTest" name="validLoginTest" time="75.229"/>
  <system-out/>
</testsuite> <!-- com.demoblaze.tests.LoginTest -->
