<?xml version="1.0" encoding="UTF-8"?>
<!-- Generated by org.testng.reporters.JUnitReportReporter -->
<testsuite hostname="LAPTOP-16FT4HA3" failures="0" tests="1" name="com.demoblaze.tests.HomeTest" time="5.468" errors="0" timestamp="2025-04-05T15:45:53 IST" skipped="0">
  <testcase classname="com.demoblaze.tests.HomeTest" name="selectProduct" time="5.468"/>
  <system-out/>
</testsuite> <!-- com.demoblaze.tests.HomeTest -->
