<?xml version="1.0" encoding="UTF-8"?>
<!-- Generated by org.testng.reporters.JUnitReportReporter -->
<testsuite hostname="LAPTOP-16FT4HA3" failures="0" tests="1" name="com.demoblaze.tests.ProductTest" time="21.455" errors="0" timestamp="2025-04-04T16:44:00 IST" skipped="0">
  <testcase classname="com.demoblaze.tests.ProductTest" name="addToCartProduct" time="21.455"/>
  <system-out/>
</testsuite> <!-- com.demoblaze.tests.ProductTest -->
